{"uuid":"01d8af6e-44a2-433b-b462-82b9226bec70","historyId":"8b3f3cf55f034d195e8d27f460eab73b","testCaseId":"8cde1aaccb1cba245470a09ec9c3f3e2","fullName":"src/test/resources/web/features/datasight_login.feature:45","labels":[{"name":"tag","value":"web"},{"name":"tag","value":"login"},{"name":"tag","value":"invalid-email-format"},{"name":"host","value":"DESKTOP-TU5CPLO"},{"name":"thread","value":"23640@DESKTOP-TU5CPLO.main(1)"},{"name":"feature","value":"Dashboard Login"},{"name":"story","value":"Login with email without at symbol"},{"name":"suite","value":"Dashboard Login"},{"name":"testClass","value":"Login with email without at symbol"},{"name":"framework","value":"cucumber4jvm"},{"name":"language","value":"java"},{"name":"gherkin_uri","value":"file:///D:/Jayjay/Project/qa-automation-framework/src/test/resources/web/features/datasight_login.feature"},{"name":"package","value":"src.test.resources.web.features.datasight_login_feature.Dashboard Login"}],"links":[],"name":"Login with email without at symbol","status":"failed","statusDetails":{"known":false,"muted":false,"flaky":false,"message":"Validation email tidak muncul: expected:<Please include an '@' in the email address. 'invalidemail' is missing an '@'.> but was:<true>","trace":"java.lang.AssertionError: Validation email tidak muncul: expected:<Please include an '@' in the email address. 'invalidemail' is missing an '@'.> but was:<true>\r\n\tat org.junit.Assert.fail(Assert.java:89)\r\n\tat org.junit.Assert.failNotEquals(Assert.java:835)\r\n\tat org.junit.Assert.assertEquals(Assert.java:120)\r\n\tat web.stepdef.LoginSteps.emailFieldShouldShowInvalidEmailMessage(LoginSteps.java:49)\r\n\tat ✽.Email field should show invalid email message(file:///D:/Jayjay/Project/qa-automation-framework/src/test/resources/web/features/datasight_login.feature:50)\r\n"},"stage":"finished","steps":[{"name":"Given User is on Datasight dashboard login page","status":"passed","statusDetails":{"known":false,"muted":false,"flaky":false},"stage":"finished","steps":[],"attachments":[],"parameters":[],"start":1763446495431,"stop":1763446497007},{"name":"When User input dashboard email \"invalidemail\"","status":"passed","statusDetails":{"known":false,"muted":false,"flaky":false},"stage":"finished","steps":[],"attachments":[],"parameters":[],"start":1763446497007,"stop":1763446497087},{"name":"And User input dashboard password \"dummyuser1!\"","status":"passed","statusDetails":{"known":false,"muted":false,"flaky":false},"stage":"finished","steps":[],"attachments":[],"parameters":[],"start":1763446497087,"stop":1763446497146},{"name":"When User click dashboard login button","status":"passed","statusDetails":{"known":false,"muted":false,"flaky":false},"stage":"finished","steps":[],"attachments":[],"parameters":[],"start":1763446497146,"stop":1763446497202},{"name":"Then Email field should show invalid email message","status":"failed","statusDetails":{"known":false,"muted":false,"flaky":false,"message":"Validation email tidak muncul: expected:<Please include an '@' in the email address. 'invalidemail' is missing an '@'.> but was:<true>","trace":"java.lang.AssertionError: Validation email tidak muncul: expected:<Please include an '@' in the email address. 'invalidemail' is missing an '@'.> but was:<true>\r\n\tat org.junit.Assert.fail(Assert.java:89)\r\n\tat org.junit.Assert.failNotEquals(Assert.java:835)\r\n\tat org.junit.Assert.assertEquals(Assert.java:120)\r\n\tat web.stepdef.LoginSteps.emailFieldShouldShowInvalidEmailMessage(LoginSteps.java:49)\r\n\tat ✽.Email field should show invalid email message(file:///D:/Jayjay/Project/qa-automation-framework/src/test/resources/web/features/datasight_login.feature:50)\r\n"},"stage":"finished","steps":[],"attachments":[],"parameters":[],"start":1763446497202,"stop":1763446497221}],"attachments":[],"parameters":[],"start":1763446494743,"stop":1763446497519}