{"uuid":"863c3483-9ac5-4cec-8d4d-7e3571f04419","historyId":"f3ddde3530f46e3db6a0977394a1e268","testCaseId":"8013be53ffbf19ca676448a99659c454","fullName":"src/test/resources/web/features/datasight_login.feature:13","labels":[{"name":"tag","value":"web"},{"name":"tag","value":"login"},{"name":"tag","value":"empty-email-password"},{"name":"host","value":"DESKTOP-TU5CPLO"},{"name":"thread","value":"20528@DESKTOP-TU5CPLO.main(1)"},{"name":"feature","value":"Dashboard Login"},{"name":"story","value":"Login with empty email and password"},{"name":"suite","value":"Dashboard Login"},{"name":"testClass","value":"Login with empty email and password"},{"name":"framework","value":"cucumber4jvm"},{"name":"language","value":"java"},{"name":"gherkin_uri","value":"file:///D:/Jayjay/Project/qa-automation-framework/src/test/resources/web/features/datasight_login.feature"},{"name":"package","value":"src.test.resources.web.features.datasight_login_feature.Dashboard Login"}],"links":[],"name":"Login with empty email and password","status":"failed","statusDetails":{"known":false,"muted":false,"flaky":false,"message":"Please include an '@' in the email address. expected:<Please fill out this field.> but was:<true>","trace":"java.lang.AssertionError: Please include an '@' in the email address. expected:<Please fill out this field.> but was:<true>\r\n\tat org.junit.Assert.fail(Assert.java:89)\r\n\tat org.junit.Assert.failNotEquals(Assert.java:835)\r\n\tat org.junit.Assert.assertEquals(Assert.java:120)\r\n\tat web.stepdef.LoginSteps.emailFieldShouldShowInvalidEmailMessage(LoginSteps.java:49)\r\n\tat ✽.Email field should show invalid email message(file:///D:/Jayjay/Project/qa-automation-framework/src/test/resources/web/features/datasight_login.feature:18)\r\n"},"stage":"finished","steps":[{"name":"Given User is on Datasight dashboard login page","status":"passed","statusDetails":{"known":false,"muted":false,"flaky":false},"stage":"finished","steps":[],"attachments":[],"parameters":[],"start":1763445583591,"stop":1763445588652},{"name":"When User input dashboard email \"\"","status":"passed","statusDetails":{"known":false,"muted":false,"flaky":false},"stage":"finished","steps":[],"attachments":[],"parameters":[],"start":1763445588652,"stop":1763445588754},{"name":"And User input dashboard password \"\"","status":"passed","statusDetails":{"known":false,"muted":false,"flaky":false},"stage":"finished","steps":[],"attachments":[],"parameters":[],"start":1763445588754,"stop":1763445588834},{"name":"When User click dashboard login button","status":"passed","statusDetails":{"known":false,"muted":false,"flaky":false},"stage":"finished","steps":[],"attachments":[],"parameters":[],"start":1763445588834,"stop":1763445588911},{"name":"Then Email field should show invalid email message","status":"failed","statusDetails":{"known":false,"muted":false,"flaky":false,"message":"Please include an '@' in the email address. expected:<Please fill out this field.> but was:<true>","trace":"java.lang.AssertionError: Please include an '@' in the email address. expected:<Please fill out this field.> but was:<true>\r\n\tat org.junit.Assert.fail(Assert.java:89)\r\n\tat org.junit.Assert.failNotEquals(Assert.java:835)\r\n\tat org.junit.Assert.assertEquals(Assert.java:120)\r\n\tat web.stepdef.LoginSteps.emailFieldShouldShowInvalidEmailMessage(LoginSteps.java:49)\r\n\tat ✽.Email field should show invalid email message(file:///D:/Jayjay/Project/qa-automation-framework/src/test/resources/web/features/datasight_login.feature:18)\r\n"},"stage":"finished","steps":[],"attachments":[],"parameters":[],"start":1763445588911,"stop":1763445588938}],"attachments":[],"parameters":[],"start":1763445582935,"stop":1763445589299}