{"uuid":"8ec5bd96-7fb3-4289-b918-661c284d47e8","historyId":"339f9ecbee75ec1b3341cc0d2aee3ec8","testCaseId":"7aa808a4595dff2a882d33c0188dbf91","fullName":"src/test/resources/api/features/user.feature:4","labels":[{"name":"tag","value":"api"},{"name":"tag","value":"user"},{"name":"host","value":"DESKTOP-TU5CPLO"},{"name":"thread","value":"10464@DESKTOP-TU5CPLO.main(1)"},{"name":"feature","value":"User API Testing"},{"name":"story","value":"CRUD user flow"},{"name":"suite","value":"User API Testing"},{"name":"testClass","value":"CRUD user flow"},{"name":"framework","value":"cucumber4jvm"},{"name":"language","value":"java"},{"name":"gherkin_uri","value":"file:///D:/Jayjay/Project/qa-automation-framework/src/test/resources/api/features/user.feature"},{"name":"package","value":"src.test.resources.api.features.user_feature.User API Testing"}],"links":[],"name":"CRUD user flow","status":"failed","statusDetails":{"known":false,"muted":false,"flaky":false,"message":"expected:<200> but was:<400>","trace":"java.lang.AssertionError: expected:<200> but was:<400>\r\n\tat org.junit.Assert.fail(Assert.java:89)\r\n\tat org.junit.Assert.failNotEquals(Assert.java:835)\r\n\tat org.junit.Assert.assertEquals(Assert.java:647)\r\n\tat org.junit.Assert.assertEquals(Assert.java:633)\r\n\tat api.stepdef.UserApiSteps.responseStatusCodeShouldBe(UserApiSteps.java:26)\r\n\tat ✽.Response status code should be 200(file:///D:/Jayjay/Project/qa-automation-framework/src/test/resources/api/features/user.feature:6)\r\n"},"stage":"finished","steps":[{"name":"When Create user with email \"testdummy@mail.com\" firstname \"Zen1\" lastname \"Zen2\"","status":"passed","statusDetails":{"known":false,"muted":false,"flaky":false},"stage":"finished","steps":[],"attachments":[],"parameters":[],"start":1763525542664,"stop":1763525543599},{"name":"Then Response status code should be 200","status":"failed","statusDetails":{"known":false,"muted":false,"flaky":false,"message":"expected:<200> but was:<400>","trace":"java.lang.AssertionError: expected:<200> but was:<400>\r\n\tat org.junit.Assert.fail(Assert.java:89)\r\n\tat org.junit.Assert.failNotEquals(Assert.java:835)\r\n\tat org.junit.Assert.assertEquals(Assert.java:647)\r\n\tat org.junit.Assert.assertEquals(Assert.java:633)\r\n\tat api.stepdef.UserApiSteps.responseStatusCodeShouldBe(UserApiSteps.java:26)\r\n\tat ✽.Response status code should be 200(file:///D:/Jayjay/Project/qa-automation-framework/src/test/resources/api/features/user.feature:6)\r\n"},"stage":"finished","steps":[],"attachments":[],"parameters":[],"start":1763525543599,"stop":1763525543605},{"name":"When Get that user","status":"skipped","statusDetails":{"known":false,"muted":false,"flaky":false},"stage":"finished","steps":[],"attachments":[],"parameters":[],"start":1763525543605,"stop":1763525543605},{"name":"Then Response status code should be 200","status":"skipped","statusDetails":{"known":false,"muted":false,"flaky":false},"stage":"finished","steps":[],"attachments":[],"parameters":[],"start":1763525543605,"stop":1763525543605},{"name":"When Update user firstname to \"ZenUpdated\"","status":"skipped","statusDetails":{"known":false,"muted":false,"flaky":false},"stage":"finished","steps":[],"attachments":[],"parameters":[],"start":1763525543605,"stop":1763525543605},{"name":"Then Response status code should be 200","status":"skipped","statusDetails":{"known":false,"muted":false,"flaky":false},"stage":"finished","steps":[],"attachments":[],"parameters":[],"start":1763525543605,"stop":1763525543605},{"name":"When Delete the user","status":"skipped","statusDetails":{"known":false,"muted":false,"flaky":false},"stage":"finished","steps":[],"attachments":[],"parameters":[],"start":1763525543605,"stop":1763525543605},{"name":"Then Response status code should be 200","status":"skipped","statusDetails":{"known":false,"muted":false,"flaky":false},"stage":"finished","steps":[],"attachments":[],"parameters":[],"start":1763525543605,"stop":1763525543605}],"attachments":[],"parameters":[],"start":1763525542663,"stop":1763525543605}