{"uuid":"b95b947f-396b-4282-aba7-30a227513592","historyId":"339f9ecbee75ec1b3341cc0d2aee3ec8","testCaseId":"7aa808a4595dff2a882d33c0188dbf91","fullName":"src/test/resources/api/features/user.feature:4","labels":[{"name":"tag","value":"api"},{"name":"tag","value":"user"},{"name":"host","value":"DESKTOP-TU5CPLO"},{"name":"thread","value":"29612@DESKTOP-TU5CPLO.main(1)"},{"name":"feature","value":"User API Testing"},{"name":"story","value":"CRUD user flow"},{"name":"suite","value":"User API Testing"},{"name":"testClass","value":"CRUD user flow"},{"name":"framework","value":"cucumber4jvm"},{"name":"language","value":"java"},{"name":"gherkin_uri","value":"file:///D:/Jayjay/Project/qa-automation-framework/src/test/resources/api/features/user.feature"},{"name":"package","value":"src.test.resources.api.features.user_feature.User API Testing"}],"links":[],"name":"CRUD user flow","status":"failed","statusDetails":{"known":false,"muted":false,"flaky":false,"message":"expected:<200> but was:<400>","trace":"java.lang.AssertionError: expected:<200> but was:<400>\r\n\tat org.junit.Assert.fail(Assert.java:89)\r\n\tat org.junit.Assert.failNotEquals(Assert.java:835)\r\n\tat org.junit.Assert.assertEquals(Assert.java:647)\r\n\tat org.junit.Assert.assertEquals(Assert.java:633)\r\n\tat api.stepdef.UserApiSteps.responseStatusCodeShouldBe(UserApiSteps.java:23)\r\n\tat ✽.Response status code should be 200(file:///D:/Jayjay/Project/qa-automation-framework/src/test/resources/api/features/user.feature:6)\r\n"},"stage":"finished","steps":[{"name":"When Create user with email \"test@mail.com\" firstname \"Zae\" lastname \"Auto\"","status":"passed","statusDetails":{"known":false,"muted":false,"flaky":false},"stage":"finished","steps":[],"attachments":[],"parameters":[],"start":1763457722130,"stop":1763457723410},{"name":"Then Response status code should be 200","status":"failed","statusDetails":{"known":false,"muted":false,"flaky":false,"message":"expected:<200> but was:<400>","trace":"java.lang.AssertionError: expected:<200> but was:<400>\r\n\tat org.junit.Assert.fail(Assert.java:89)\r\n\tat org.junit.Assert.failNotEquals(Assert.java:835)\r\n\tat org.junit.Assert.assertEquals(Assert.java:647)\r\n\tat org.junit.Assert.assertEquals(Assert.java:633)\r\n\tat api.stepdef.UserApiSteps.responseStatusCodeShouldBe(UserApiSteps.java:23)\r\n\tat ✽.Response status code should be 200(file:///D:/Jayjay/Project/qa-automation-framework/src/test/resources/api/features/user.feature:6)\r\n"},"stage":"finished","steps":[],"attachments":[],"parameters":[],"start":1763457723410,"stop":1763457723416},{"name":"When Get that user","status":"skipped","statusDetails":{"known":false,"muted":false,"flaky":false},"stage":"finished","steps":[],"attachments":[],"parameters":[],"start":1763457723416,"stop":1763457723417},{"name":"Then Response status code should be 200","status":"skipped","statusDetails":{"known":false,"muted":false,"flaky":false},"stage":"finished","steps":[],"attachments":[],"parameters":[],"start":1763457723417,"stop":1763457723418},{"name":"When Update user firstname to \"ZaeUpdated\"","status":"skipped","statusDetails":{"known":false,"muted":false,"flaky":false},"stage":"finished","steps":[],"attachments":[],"parameters":[],"start":1763457723418,"stop":1763457723418},{"name":"Then Response status code should be 200","status":"skipped","statusDetails":{"known":false,"muted":false,"flaky":false},"stage":"finished","steps":[],"attachments":[],"parameters":[],"start":1763457723418,"stop":1763457723418},{"name":"When Delete the user","status":"skipped","statusDetails":{"known":false,"muted":false,"flaky":false},"stage":"finished","steps":[],"attachments":[],"parameters":[],"start":1763457723418,"stop":1763457723418},{"name":"Then Response status code should be 200","status":"skipped","statusDetails":{"known":false,"muted":false,"flaky":false},"stage":"finished","steps":[],"attachments":[],"parameters":[],"start":1763457723419,"stop":1763457723419}],"attachments":[],"parameters":[],"start":1763457722130,"stop":1763457723419}