{"uuid":"edf5ca63-0d12-43fb-be4b-165e4be6c0c6","historyId":"8b3f3cf55f034d195e8d27f460eab73b","testCaseId":"8cde1aaccb1cba245470a09ec9c3f3e2","fullName":"src/test/resources/web/features/datasight_login.feature:45","labels":[{"name":"tag","value":"web"},{"name":"tag","value":"login"},{"name":"tag","value":"invalid-email-format"},{"name":"host","value":"DESKTOP-TU5CPLO"},{"name":"thread","value":"10908@DESKTOP-TU5CPLO.main(1)"},{"name":"feature","value":"Dashboard Login"},{"name":"story","value":"Login with email without at symbol"},{"name":"suite","value":"Dashboard Login"},{"name":"testClass","value":"Login with email without at symbol"},{"name":"framework","value":"cucumber4jvm"},{"name":"language","value":"java"},{"name":"gherkin_uri","value":"file:///D:/Jayjay/Project/qa-automation-framework/src/test/resources/web/features/datasight_login.feature"},{"name":"package","value":"src.test.resources.web.features.datasight_login_feature.Dashboard Login"}],"links":[],"name":"Login with email without at symbol","status":"failed","statusDetails":{"known":false,"muted":false,"flaky":false,"message":"Please include an '@' in the email address. expected:<Please include an '@' in the email address. 'invalidemail' is missing an '@'.> but was:<true>","trace":"java.lang.AssertionError: Please include an '@' in the email address. expected:<Please include an '@' in the email address. 'invalidemail' is missing an '@'.> but was:<true>\r\n\tat org.junit.Assert.fail(Assert.java:89)\r\n\tat org.junit.Assert.failNotEquals(Assert.java:835)\r\n\tat org.junit.Assert.assertEquals(Assert.java:120)\r\n\tat web.stepdef.LoginSteps.emailFieldShouldShowInvalidEmailMessage(LoginSteps.java:49)\r\n\tat ✽.Email field should show invalid email message(file:///D:/Jayjay/Project/qa-automation-framework/src/test/resources/web/features/datasight_login.feature:50)\r\n"},"stage":"finished","steps":[{"name":"Given User is on Datasight dashboard login page","status":"passed","statusDetails":{"known":false,"muted":false,"flaky":false},"stage":"finished","steps":[],"attachments":[],"parameters":[],"start":1763445118524,"stop":1763445131117},{"name":"When User input dashboard email \"invalidemail\"","status":"passed","statusDetails":{"known":false,"muted":false,"flaky":false},"stage":"finished","steps":[],"attachments":[],"parameters":[],"start":1763445131117,"stop":1763445131229},{"name":"And User input dashboard password \"dummyuser1!\"","status":"passed","statusDetails":{"known":false,"muted":false,"flaky":false},"stage":"finished","steps":[],"attachments":[],"parameters":[],"start":1763445131229,"stop":1763445131306},{"name":"When User click dashboard login button","status":"passed","statusDetails":{"known":false,"muted":false,"flaky":false},"stage":"finished","steps":[],"attachments":[],"parameters":[],"start":1763445131307,"stop":1763445131393},{"name":"Then Email field should show invalid email message","status":"failed","statusDetails":{"known":false,"muted":false,"flaky":false,"message":"Please include an '@' in the email address. expected:<Please include an '@' in the email address. 'invalidemail' is missing an '@'.> but was:<true>","trace":"java.lang.AssertionError: Please include an '@' in the email address. expected:<Please include an '@' in the email address. 'invalidemail' is missing an '@'.> but was:<true>\r\n\tat org.junit.Assert.fail(Assert.java:89)\r\n\tat org.junit.Assert.failNotEquals(Assert.java:835)\r\n\tat org.junit.Assert.assertEquals(Assert.java:120)\r\n\tat web.stepdef.LoginSteps.emailFieldShouldShowInvalidEmailMessage(LoginSteps.java:49)\r\n\tat ✽.Email field should show invalid email message(file:///D:/Jayjay/Project/qa-automation-framework/src/test/resources/web/features/datasight_login.feature:50)\r\n"},"stage":"finished","steps":[],"attachments":[],"parameters":[],"start":1763445131394,"stop":1763445131416}],"attachments":[],"parameters":[],"start":1763445117872,"stop":1763445131833}